<?xml version="1.0" encoding="UTF-8"?>
<!-- Generated by org.testng.reporters.JUnitReportReporter -->
<testsuite hostname="LAPTOP-723DR8EJ" failures="0" tests="3" name="com.sgtesting.users.Users" time="0.005" errors="0" timestamp="2022-07-23T21:30:39 IST" skipped="0">
  <testcase classname="com.sgtesting.users.Users" name="modifyUser" time="0.001"/>
  <system-out/>
  <testcase classname="com.sgtesting.users.Users" name="deleteUser" time="0.001"/>
  <system-out/>
  <testcase classname="com.sgtesting.users.Users" name="createUser" time="0.003"/>
  <system-out/>
</testsuite> <!-- com.sgtesting.users.Users -->
