<?xml version="1.0" encoding="UTF-8"?>
<!-- Generated by org.testng.reporters.JUnitReportReporter -->
<testsuite hostname="LAPTOP-723DR8EJ" failures="0" tests="3" name="com.sgtesting.products.Products" time="0.007" errors="0" timestamp="2022-07-23T22:08:09 IST" skipped="0">
  <testcase classname="com.sgtesting.products.Products" name="modifyProduct" time="0.001"/>
  <system-out/>
  <testcase classname="com.sgtesting.products.Products" name="deleteProduct" time="0.001"/>
  <system-out/>
  <testcase classname="com.sgtesting.products.Products" name="createProduct" time="0.005"/>
  <system-out/>
</testsuite> <!-- com.sgtesting.products.Products -->
